app/build/intermediates/manifest_merge_blame_file/debug/manifest-merger-blame-debug-report.txt
1<?xml version="1.0" encoding="utf-8"?>
2<manifest xmlns:android="http://schemas.android.com/apk/res/android"
3    package="eu.roggstar.luigithehunter.dsaassistent"
4    android:versionCode="53"
5    android:versionName="Mister English" >
6
7    <uses-sdk
8        android:minSdkVersion="15"
9        android:targetSdkVersion="28" />
10
11    <!-- Allows unlocking your device and activating its screen so UI tests can succeed -->
12    <uses-permission android:name="android.permission.DISABLE_KEYGUARD" />
12-->src/debug/AndroidManifest.xml:6:5-74
12-->src/debug/AndroidManifest.xml:6:22-72
13    <uses-permission android:name="android.permission.WAKE_LOCK" />
13-->src/debug/AndroidManifest.xml:7:5-67
13-->src/debug/AndroidManifest.xml:7:22-65
14
15    <!-- Allows for storing and retrieving screenshots -->
16    <uses-permission android:name="android.permission.WRITE_EXTERNAL_STORAGE" />
16-->src/debug/AndroidManifest.xml:10:5-81
16-->src/debug/AndroidManifest.xml:10:22-78
17    <uses-permission android:name="android.permission.READ_EXTERNAL_STORAGE" />
17-->src/debug/AndroidManifest.xml:11:5-80
17-->src/debug/AndroidManifest.xml:11:22-77
18
19    <!-- Allows changing locales -->
20    <uses-permission android:name="android.permission.CHANGE_CONFIGURATION" />
20-->src/debug/AndroidManifest.xml:14:5-79
20-->src/debug/AndroidManifest.xml:14:22-76
21
22    <application
22-->src/main/AndroidManifest.xml:5:5-26:19
23        android:allowBackup="true"
23-->src/main/AndroidManifest.xml:6:9-35
24        android:appComponentFactory="android.support.v4.app.CoreComponentFactory"
24-->[com.android.support:support-compat:28.0.0] AndroidManifest.xml:22:18-91
25        android:debuggable="true"
26        android:fullBackupContent="@xml/backup_descriptor"
26-->src/main/AndroidManifest.xml:12:9-59
27        android:icon="@mipmap/ic_launcher"
27-->src/main/AndroidManifest.xml:7:9-43
28        android:label="@string/app_name"
28-->src/main/AndroidManifest.xml:8:9-41
29        android:roundIcon="@mipmap/ic_launcher_round"
29-->src/main/AndroidManifest.xml:9:9-54
30        android:supportsRtl="true"
30-->src/main/AndroidManifest.xml:10:9-35
31        android:theme="@style/AppTheme" >
31-->src/main/AndroidManifest.xml:11:9-40
32        <activity android:name="eu.roggstar.luigithehunter.dsaassistent.MainActivity" >
32-->src/main/AndroidManifest.xml:13:9-19:20
32-->src/main/AndroidManifest.xml:13:19-47
33            <intent-filter>
33-->src/main/AndroidManifest.xml:14:13-18:29
34                <action android:name="android.intent.action.MAIN" />
34-->src/main/AndroidManifest.xml:15:17-69
34-->src/main/AndroidManifest.xml:15:25-66
35
36                <category android:name="android.intent.category.LAUNCHER" />
36-->src/main/AndroidManifest.xml:17:17-77
36-->src/main/AndroidManifest.xml:17:27-74
37            </intent-filter>
38        </activity>
39        <activity android:name="eu.roggstar.luigithehunter.dsaassistent.MoneyActivity" />
39-->src/main/AndroidManifest.xml:20:9-51
39-->src/main/AndroidManifest.xml:20:19-48
40        <activity android:name="eu.roggstar.luigithehunter.dsaassistent.CombatActivity" />
40-->src/main/AndroidManifest.xml:21:9-52
40-->src/main/AndroidManifest.xml:21:19-49
41        <activity android:name="eu.roggstar.luigithehunter.dsaassistent.GMActivity" />
41-->src/main/AndroidManifest.xml:22:9-48
41-->src/main/AndroidManifest.xml:22:19-45
42        <activity android:name="eu.roggstar.luigithehunter.dsaassistent.DiceActivity" />
42-->src/main/AndroidManifest.xml:23:9-50
42-->src/main/AndroidManifest.xml:23:19-47
43        <activity android:name="eu.roggstar.luigithehunter.dsaassistent.VersionActivity" />
43-->src/main/AndroidManifest.xml:24:9-53
43-->src/main/AndroidManifest.xml:24:19-50
44        <activity
44-->src/main/AndroidManifest.xml:25:9-111
45            android:name="eu.roggstar.luigithehunter.dsaassistent.ParametersActivity"
45-->src/main/AndroidManifest.xml:25:19-53
46            android:windowSoftInputMode="stateHidden|adjustResize" />
46-->src/main/AndroidManifest.xml:25:54-108
47    </application>
48
49</manifest>